12-13-2025 15:34:34.962 INFO  [LoggingExample] - Existing tables have been dropped.
12-13-2025 15:34:34.962 INFO  [LoggingExample] - Existing tables have been dropped.
12-13-2025 15:34:34.991 INFO  [LoggingExample] - Database created successfully!
12-13-2025 15:34:34.991 INFO  [LoggingExample] - Database created successfully!
12-13-2025 15:34:35.030 INFO  [LoggingExample] - Objects properly instantiated!
12-13-2025 15:34:35.030 INFO  [LoggingExample] - Objects properly instantiated!
12-13-2025 15:34:35.052 INFO  [LoggingExample] - Game objects properly loaded!
12-13-2025 15:34:35.052 INFO  [LoggingExample] - Game objects properly loaded!
12-13-2025 15:34:35.065 INFO  [LoggingExample] - Game objects properly mapped!
12-13-2025 15:34:35.065 INFO  [LoggingExample] - Game objects properly mapped!
12-13-2025 15:34:35.065 INFO  [LoggingExample] - Game objects sorted!
12-13-2025 15:34:35.065 INFO  [LoggingExample] - Game objects sorted!
12-13-2025 15:37:23.252 INFO  [LoggingExample] - Existing tables have been dropped.
12-13-2025 15:37:23.252 INFO  [LoggingExample] - Existing tables have been dropped.
12-13-2025 15:37:23.274 INFO  [LoggingExample] - Database created successfully!
12-13-2025 15:37:23.274 INFO  [LoggingExample] - Database created successfully!
12-13-2025 15:37:23.310 INFO  [LoggingExample] - Objects properly instantiated!
12-13-2025 15:37:23.310 INFO  [LoggingExample] - Objects properly instantiated!
12-13-2025 15:37:23.323 INFO  [LoggingExample] - Game objects properly loaded!
12-13-2025 15:37:23.323 INFO  [LoggingExample] - Game objects properly loaded!
12-13-2025 15:37:23.326 INFO  [LoggingExample] - Game objects properly mapped!
12-13-2025 15:37:23.326 INFO  [LoggingExample] - Game objects properly mapped!
12-13-2025 15:37:23.326 INFO  [LoggingExample] - Game objects sorted!
12-13-2025 15:37:23.326 INFO  [LoggingExample] - Game objects sorted!
12-13-2025 15:38:40.100 INFO  [LoggingExample] - Existing tables have been dropped.
12-13-2025 15:38:40.100 INFO  [LoggingExample] - Existing tables have been dropped.
12-13-2025 15:38:40.123 INFO  [LoggingExample] - Database created successfully!
12-13-2025 15:38:40.123 INFO  [LoggingExample] - Database created successfully!
12-13-2025 15:38:40.159 INFO  [LoggingExample] - Objects properly instantiated!
12-13-2025 15:38:40.159 INFO  [LoggingExample] - Objects properly instantiated!
12-13-2025 15:38:40.171 INFO  [LoggingExample] - Game objects properly loaded!
12-13-2025 15:38:40.171 INFO  [LoggingExample] - Game objects properly loaded!
12-13-2025 15:38:40.174 INFO  [LoggingExample] - Game objects properly mapped!
12-13-2025 15:38:40.174 INFO  [LoggingExample] - Game objects properly mapped!
12-13-2025 15:38:40.174 INFO  [LoggingExample] - Game objects sorted!
12-13-2025 15:38:40.174 INFO  [LoggingExample] - Game objects sorted!
12-13-2025 15:38:49.414 INFO  [LoggingExample] - Existing tables have been dropped.
12-13-2025 15:38:49.414 INFO  [LoggingExample] - Existing tables have been dropped.
12-13-2025 15:38:49.439 INFO  [LoggingExample] - Database created successfully!
12-13-2025 15:38:49.439 INFO  [LoggingExample] - Database created successfully!
12-13-2025 15:38:49.476 INFO  [LoggingExample] - Objects properly instantiated!
12-13-2025 15:38:49.476 INFO  [LoggingExample] - Objects properly instantiated!
12-13-2025 15:38:49.489 INFO  [LoggingExample] - Game objects properly loaded!
12-13-2025 15:38:49.489 INFO  [LoggingExample] - Game objects properly loaded!
12-13-2025 15:38:49.492 INFO  [LoggingExample] - Game objects properly mapped!
12-13-2025 15:38:49.492 INFO  [LoggingExample] - Game objects properly mapped!
12-13-2025 15:38:49.492 INFO  [LoggingExample] - Game objects sorted!
12-13-2025 15:38:49.492 INFO  [LoggingExample] - Game objects sorted!
12-13-2025 15:38:57.140 INFO  [LoggingExample] - Existing tables have been dropped.
12-13-2025 15:38:57.140 INFO  [LoggingExample] - Existing tables have been dropped.
12-13-2025 15:38:57.165 INFO  [LoggingExample] - Database created successfully!
12-13-2025 15:38:57.165 INFO  [LoggingExample] - Database created successfully!
12-13-2025 15:38:57.201 INFO  [LoggingExample] - Objects properly instantiated!
12-13-2025 15:38:57.201 INFO  [LoggingExample] - Objects properly instantiated!
12-13-2025 15:38:57.215 INFO  [LoggingExample] - Game objects properly loaded!
12-13-2025 15:38:57.215 INFO  [LoggingExample] - Game objects properly loaded!
12-13-2025 15:38:57.217 INFO  [LoggingExample] - Game objects properly mapped!
12-13-2025 15:38:57.217 INFO  [LoggingExample] - Game objects properly mapped!
12-13-2025 15:38:57.217 INFO  [LoggingExample] - Game objects sorted!
12-13-2025 15:38:57.217 INFO  [LoggingExample] - Game objects sorted!
12-13-2025 15:40:10.955 INFO  [LoggingExample] - Existing tables have been dropped.
12-13-2025 15:40:10.955 INFO  [LoggingExample] - Existing tables have been dropped.
12-13-2025 15:40:10.978 INFO  [LoggingExample] - Database created successfully!
12-13-2025 15:40:10.978 INFO  [LoggingExample] - Database created successfully!
12-13-2025 15:40:11.015 INFO  [LoggingExample] - Objects properly instantiated!
12-13-2025 15:40:11.015 INFO  [LoggingExample] - Objects properly instantiated!
12-13-2025 15:40:11.028 INFO  [LoggingExample] - Game objects properly loaded!
12-13-2025 15:40:11.028 INFO  [LoggingExample] - Game objects properly loaded!
12-13-2025 15:40:11.030 INFO  [LoggingExample] - Game objects properly mapped!
12-13-2025 15:40:11.030 INFO  [LoggingExample] - Game objects properly mapped!
12-13-2025 15:40:11.030 INFO  [LoggingExample] - Game objects sorted!
12-13-2025 15:40:11.030 INFO  [LoggingExample] - Game objects sorted!
12-13-2025 15:41:03.452 INFO  [LoggingExample] - Existing tables have been dropped.
12-13-2025 15:41:03.452 INFO  [LoggingExample] - Existing tables have been dropped.
12-13-2025 15:41:03.475 INFO  [LoggingExample] - Database created successfully!
12-13-2025 15:41:03.475 INFO  [LoggingExample] - Database created successfully!
12-13-2025 15:41:03.512 INFO  [LoggingExample] - Objects properly instantiated!
12-13-2025 15:41:03.512 INFO  [LoggingExample] - Objects properly instantiated!
12-13-2025 15:41:03.525 INFO  [LoggingExample] - Game objects properly loaded!
12-13-2025 15:41:03.525 INFO  [LoggingExample] - Game objects properly loaded!
12-13-2025 15:41:03.528 INFO  [LoggingExample] - Game objects properly mapped!
12-13-2025 15:41:03.528 INFO  [LoggingExample] - Game objects properly mapped!
12-13-2025 15:41:03.528 INFO  [LoggingExample] - Game objects sorted!
12-13-2025 15:41:03.528 INFO  [LoggingExample] - Game objects sorted!
