12-11-2025 18:30:09.726 INFO  [LoggingExample] - Existing tables have been dropped.
12-11-2025 18:30:09.726 INFO  [LoggingExample] - Existing tables have been dropped.
12-11-2025 18:30:09.775 INFO  [LoggingExample] - Database created successfully!
12-11-2025 18:30:09.775 INFO  [LoggingExample] - Database created successfully!
12-11-2025 18:30:09.846 INFO  [LoggingExample] - Objects properly instantiated!
12-11-2025 18:30:09.846 INFO  [LoggingExample] - Objects properly instantiated!
12-11-2025 18:30:09.879 INFO  [LoggingExample] - Game objects properly loaded!
12-11-2025 18:30:09.879 INFO  [LoggingExample] - Game objects properly loaded!
12-11-2025 18:30:09.901 INFO  [LoggingExample] - Game objects properly mapped!
12-11-2025 18:30:09.901 INFO  [LoggingExample] - Game objects properly mapped!
12-11-2025 18:30:09.902 INFO  [LoggingExample] - Game objects sorted!
12-11-2025 18:30:09.902 INFO  [LoggingExample] - Game objects sorted!
12-11-2025 18:30:53.705 INFO  [LoggingExample] - Existing tables have been dropped.
12-11-2025 18:30:53.705 INFO  [LoggingExample] - Existing tables have been dropped.
12-11-2025 18:30:53.750 INFO  [LoggingExample] - Database created successfully!
12-11-2025 18:30:53.750 INFO  [LoggingExample] - Database created successfully!
12-11-2025 18:30:53.821 INFO  [LoggingExample] - Objects properly instantiated!
12-11-2025 18:30:53.821 INFO  [LoggingExample] - Objects properly instantiated!
12-11-2025 18:30:53.845 INFO  [LoggingExample] - Game objects properly loaded!
12-11-2025 18:30:53.845 INFO  [LoggingExample] - Game objects properly loaded!
12-11-2025 18:30:53.850 INFO  [LoggingExample] - Game objects properly mapped!
12-11-2025 18:30:53.850 INFO  [LoggingExample] - Game objects properly mapped!
12-11-2025 18:30:53.850 INFO  [LoggingExample] - Game objects sorted!
12-11-2025 18:30:53.850 INFO  [LoggingExample] - Game objects sorted!
12-11-2025 18:32:45.493 INFO  [LoggingExample] - Existing tables have been dropped.
12-11-2025 18:32:45.493 INFO  [LoggingExample] - Existing tables have been dropped.
12-11-2025 18:32:45.530 INFO  [LoggingExample] - Database created successfully!
12-11-2025 18:32:45.530 INFO  [LoggingExample] - Database created successfully!
12-11-2025 18:32:45.598 INFO  [LoggingExample] - Objects properly instantiated!
12-11-2025 18:32:45.598 INFO  [LoggingExample] - Objects properly instantiated!
12-11-2025 18:32:45.623 INFO  [LoggingExample] - Game objects properly loaded!
12-11-2025 18:32:45.623 INFO  [LoggingExample] - Game objects properly loaded!
12-11-2025 18:32:45.628 INFO  [LoggingExample] - Game objects properly mapped!
12-11-2025 18:32:45.628 INFO  [LoggingExample] - Game objects properly mapped!
12-11-2025 18:32:45.628 INFO  [LoggingExample] - Game objects sorted!
12-11-2025 18:32:45.628 INFO  [LoggingExample] - Game objects sorted!
12-11-2025 18:38:22.815 INFO  [LoggingExample] - Existing tables have been dropped.
12-11-2025 18:38:22.815 INFO  [LoggingExample] - Existing tables have been dropped.
12-11-2025 18:38:22.865 INFO  [LoggingExample] - Database created successfully!
12-11-2025 18:38:22.865 INFO  [LoggingExample] - Database created successfully!
12-11-2025 18:38:22.939 INFO  [LoggingExample] - Objects properly instantiated!
12-11-2025 18:38:22.939 INFO  [LoggingExample] - Objects properly instantiated!
12-11-2025 18:38:22.967 INFO  [LoggingExample] - Game objects properly loaded!
12-11-2025 18:38:22.967 INFO  [LoggingExample] - Game objects properly loaded!
12-11-2025 18:38:22.971 INFO  [LoggingExample] - Game objects properly mapped!
12-11-2025 18:38:22.971 INFO  [LoggingExample] - Game objects properly mapped!
12-11-2025 18:38:22.972 INFO  [LoggingExample] - Game objects sorted!
12-11-2025 18:38:22.972 INFO  [LoggingExample] - Game objects sorted!
12-11-2025 18:39:45.899 INFO  [LoggingExample] - Existing tables have been dropped.
12-11-2025 18:39:45.899 INFO  [LoggingExample] - Existing tables have been dropped.
12-11-2025 18:39:45.942 INFO  [LoggingExample] - Database created successfully!
12-11-2025 18:39:45.942 INFO  [LoggingExample] - Database created successfully!
12-11-2025 18:39:46.013 INFO  [LoggingExample] - Objects properly instantiated!
12-11-2025 18:39:46.013 INFO  [LoggingExample] - Objects properly instantiated!
12-11-2025 18:39:46.038 INFO  [LoggingExample] - Game objects properly loaded!
12-11-2025 18:39:46.038 INFO  [LoggingExample] - Game objects properly loaded!
12-11-2025 18:39:46.042 INFO  [LoggingExample] - Game objects properly mapped!
12-11-2025 18:39:46.042 INFO  [LoggingExample] - Game objects properly mapped!
12-11-2025 18:39:46.044 INFO  [LoggingExample] - Game objects sorted!
12-11-2025 18:39:46.044 INFO  [LoggingExample] - Game objects sorted!
12-11-2025 18:43:18.383 ERROR [LoggingExample] - There seems to have been an issue initializing the database, please try again.
12-11-2025 18:43:18.383 ERROR [LoggingExample] - There seems to have been an issue initializing the database, please try again.
12-11-2025 18:45:30.811 INFO  [LoggingExample] - Existing tables have been dropped.
12-11-2025 18:45:30.811 INFO  [LoggingExample] - Existing tables have been dropped.
12-11-2025 18:45:30.856 INFO  [LoggingExample] - Database created successfully!
12-11-2025 18:45:30.856 INFO  [LoggingExample] - Database created successfully!
12-11-2025 18:45:30.936 INFO  [LoggingExample] - Objects properly instantiated!
12-11-2025 18:45:30.936 INFO  [LoggingExample] - Objects properly instantiated!
12-11-2025 18:45:30.964 INFO  [LoggingExample] - Game objects properly loaded!
12-11-2025 18:45:30.964 INFO  [LoggingExample] - Game objects properly loaded!
12-11-2025 18:45:30.971 INFO  [LoggingExample] - Game objects properly mapped!
12-11-2025 18:45:30.971 INFO  [LoggingExample] - Game objects properly mapped!
12-11-2025 18:45:30.971 INFO  [LoggingExample] - Game objects sorted!
12-11-2025 18:45:30.971 INFO  [LoggingExample] - Game objects sorted!
12-11-2025 18:52:57.947 INFO  [LoggingExample] - Existing tables have been dropped.
12-11-2025 18:52:57.947 INFO  [LoggingExample] - Existing tables have been dropped.
12-11-2025 18:52:57.993 INFO  [LoggingExample] - Database created successfully!
12-11-2025 18:52:57.993 INFO  [LoggingExample] - Database created successfully!
12-11-2025 18:52:58.067 INFO  [LoggingExample] - Objects properly instantiated!
12-11-2025 18:52:58.067 INFO  [LoggingExample] - Objects properly instantiated!
12-11-2025 18:52:58.092 INFO  [LoggingExample] - Game objects properly loaded!
12-11-2025 18:52:58.092 INFO  [LoggingExample] - Game objects properly loaded!
12-11-2025 18:52:58.098 INFO  [LoggingExample] - Game objects properly mapped!
12-11-2025 18:52:58.098 INFO  [LoggingExample] - Game objects properly mapped!
12-11-2025 18:52:58.099 INFO  [LoggingExample] - Game objects sorted!
12-11-2025 18:52:58.099 INFO  [LoggingExample] - Game objects sorted!
12-11-2025 18:53:55.837 INFO  [LoggingExample] - Existing tables have been dropped.
12-11-2025 18:53:55.837 INFO  [LoggingExample] - Existing tables have been dropped.
12-11-2025 18:53:55.880 INFO  [LoggingExample] - Database created successfully!
12-11-2025 18:53:55.880 INFO  [LoggingExample] - Database created successfully!
12-11-2025 18:53:55.951 INFO  [LoggingExample] - Objects properly instantiated!
12-11-2025 18:53:55.951 INFO  [LoggingExample] - Objects properly instantiated!
12-11-2025 18:53:55.977 INFO  [LoggingExample] - Game objects properly loaded!
12-11-2025 18:53:55.977 INFO  [LoggingExample] - Game objects properly loaded!
12-11-2025 18:53:55.981 INFO  [LoggingExample] - Game objects properly mapped!
12-11-2025 18:53:55.981 INFO  [LoggingExample] - Game objects properly mapped!
12-11-2025 18:53:55.982 INFO  [LoggingExample] - Game objects sorted!
12-11-2025 18:53:55.982 INFO  [LoggingExample] - Game objects sorted!
